<?xml version="1.0" encoding="UTF-8"?>
<testsuites>
  <testsuite name="" tests="42" assertions="48" errors="16" warnings="0" failures="0" skipped="0" time="0.049600">
    <testsuite name="Project Test Suite" tests="42" assertions="48" errors="16" warnings="0" failures="0" skipped="0" time="0.049600">
      <testsuite name="App\CardGame\BankTest" file="/home/blajban/dbwebb-kurser/mvc/me/report/tests/CardGame/BankTest.php" tests="2" assertions="3" errors="0" warnings="0" failures="0" skipped="0" time="0.006992">
        <testcase name="testWillContinueHighScore" class="App\CardGame\BankTest" classname="App.CardGame.BankTest" file="/home/blajban/dbwebb-kurser/mvc/me/report/tests/CardGame/BankTest.php" line="16" assertions="2" time="0.006368"/>
        <testcase name="testWillContinueLowScore" class="App\CardGame\BankTest" classname="App.CardGame.BankTest" file="/home/blajban/dbwebb-kurser/mvc/me/report/tests/CardGame/BankTest.php" line="31" assertions="1" time="0.000625"/>
      </testsuite>
      <testsuite name="App\CardGame\CardGameTraitTest" file="/home/blajban/dbwebb-kurser/mvc/me/report/tests/CardGame/CardGameTraitTest.php" tests="3" assertions="0" errors="3" warnings="0" failures="0" skipped="0" time="0.017185">
        <testcase name="testGetDeck" class="App\CardGame\CardGameTraitTest" classname="App.CardGame.CardGameTraitTest" file="/home/blajban/dbwebb-kurser/mvc/me/report/tests/CardGame/CardGameTraitTest.php" line="28" assertions="0" time="0.014798">
          <error type="TypeError">App\CardGame\CardGameTraitTest::testGetDeck
TypeError: App\CardGame\Game::__construct(): Argument #1 ($playerName) must be of type string, Mock_SessionInterface_39ce4ebf given, called in /home/blajban/dbwebb-kurser/mvc/me/report/tests/CardGame/CardGameTraitTest.php on line 13

/home/blajban/dbwebb-kurser/mvc/me/report/src/CardGame/Game.php:59
/home/blajban/dbwebb-kurser/mvc/me/report/tests/CardGame/CardGameTraitTest.php:13
/home/blajban/dbwebb-kurser/mvc/me/report/tests/CardGame/CardGameTraitTest.php:37</error>
        </testcase>
        <testcase name="testGetJsonDeck" class="App\CardGame\CardGameTraitTest" classname="App.CardGame.CardGameTraitTest" file="/home/blajban/dbwebb-kurser/mvc/me/report/tests/CardGame/CardGameTraitTest.php" line="46" assertions="0" time="0.002007">
          <error type="TypeError">App\CardGame\CardGameTraitTest::testGetJsonDeck
TypeError: App\CardGame\Game::__construct(): Argument #1 ($playerName) must be of type string, Mock_SessionInterface_39ce4ebf given, called in /home/blajban/dbwebb-kurser/mvc/me/report/tests/CardGame/CardGameTraitTest.php on line 13

/home/blajban/dbwebb-kurser/mvc/me/report/src/CardGame/Game.php:59
/home/blajban/dbwebb-kurser/mvc/me/report/tests/CardGame/CardGameTraitTest.php:13
/home/blajban/dbwebb-kurser/mvc/me/report/tests/CardGame/CardGameTraitTest.php:63</error>
        </testcase>
        <testcase name="testRemainingCards" class="App\CardGame\CardGameTraitTest" classname="App.CardGame.CardGameTraitTest" file="/home/blajban/dbwebb-kurser/mvc/me/report/tests/CardGame/CardGameTraitTest.php" line="77" assertions="0" time="0.000380">
          <error type="TypeError">App\CardGame\CardGameTraitTest::testRemainingCards
TypeError: App\CardGame\Game::__construct(): Argument #1 ($playerName) must be of type string, Mock_SessionInterface_39ce4ebf given, called in /home/blajban/dbwebb-kurser/mvc/me/report/tests/CardGame/CardGameTraitTest.php on line 13

/home/blajban/dbwebb-kurser/mvc/me/report/src/CardGame/Game.php:59
/home/blajban/dbwebb-kurser/mvc/me/report/tests/CardGame/CardGameTraitTest.php:13
/home/blajban/dbwebb-kurser/mvc/me/report/tests/CardGame/CardGameTraitTest.php:86</error>
        </testcase>
      </testsuite>
      <testsuite name="App\CardGame\CardHandTraitTest" file="/home/blajban/dbwebb-kurser/mvc/me/report/tests/CardGame/CardHandTraitTest.php" tests="2" assertions="3" errors="0" warnings="0" failures="0" skipped="0" time="0.001349">
        <testcase name="testAddCard" class="App\CardGame\CardHandTraitTest" classname="App.CardGame.CardHandTraitTest" file="/home/blajban/dbwebb-kurser/mvc/me/report/tests/CardGame/CardHandTraitTest.php" line="16" assertions="1" time="0.000980"/>
        <testcase name="testDiscardHand" class="App\CardGame\CardHandTraitTest" classname="App.CardGame.CardHandTraitTest" file="/home/blajban/dbwebb-kurser/mvc/me/report/tests/CardGame/CardHandTraitTest.php" line="31" assertions="2" time="0.000369"/>
      </testsuite>
      <testsuite name="App\CardGame\CardTest" file="/home/blajban/dbwebb-kurser/mvc/me/report/tests/CardGame/CardTest.php" tests="12" assertions="20" errors="0" warnings="0" failures="0" skipped="0" time="0.004008">
        <testcase name="testConstructObjectNoJoker" class="App\CardGame\CardTest" classname="App.CardGame.CardTest" file="/home/blajban/dbwebb-kurser/mvc/me/report/tests/CardGame/CardTest.php" line="17" assertions="4" time="0.000744"/>
        <testcase name="testConstructObjectJoker" class="App\CardGame\CardTest" classname="App.CardGame.CardTest" file="/home/blajban/dbwebb-kurser/mvc/me/report/tests/CardGame/CardTest.php" line="40" assertions="1" time="0.000264"/>
        <testcase name="testAsStringNoJokerNoAce" class="App\CardGame\CardTest" classname="App.CardGame.CardTest" file="/home/blajban/dbwebb-kurser/mvc/me/report/tests/CardGame/CardTest.php" line="54" assertions="1" time="0.000303"/>
        <testcase name="testAsStringAce" class="App\CardGame\CardTest" classname="App.CardGame.CardTest" file="/home/blajban/dbwebb-kurser/mvc/me/report/tests/CardGame/CardTest.php" line="73" assertions="1" time="0.000450"/>
        <testcase name="testAsStringJoker" class="App\CardGame\CardTest" classname="App.CardGame.CardTest" file="/home/blajban/dbwebb-kurser/mvc/me/report/tests/CardGame/CardTest.php" line="93" assertions="1" time="0.000287"/>
        <testcase name="testIsJoker" class="App\CardGame\CardTest" classname="App.CardGame.CardTest" file="/home/blajban/dbwebb-kurser/mvc/me/report/tests/CardGame/CardTest.php" line="112" assertions="2" time="0.000323"/>
        <testcase name="testchangeJokerColorAndValue" class="App\CardGame\CardTest" classname="App.CardGame.CardTest" file="/home/blajban/dbwebb-kurser/mvc/me/report/tests/CardGame/CardTest.php" line="131" assertions="1" time="0.000265"/>
        <testcase name="testIsAceAndChangeAceValue" class="App\CardGame\CardTest" classname="App.CardGame.CardTest" file="/home/blajban/dbwebb-kurser/mvc/me/report/tests/CardGame/CardTest.php" line="151" assertions="5" time="0.000307"/>
        <testcase name="testGetValue" class="App\CardGame\CardTest" classname="App.CardGame.CardTest" file="/home/blajban/dbwebb-kurser/mvc/me/report/tests/CardGame/CardTest.php" line="187" assertions="1" time="0.000262"/>
        <testcase name="testGetCssColorNoJoker" class="App\CardGame\CardTest" classname="App.CardGame.CardTest" file="/home/blajban/dbwebb-kurser/mvc/me/report/tests/CardGame/CardTest.php" line="204" assertions="1" time="0.000266"/>
        <testcase name="testGetCssColorJoker" class="App\CardGame\CardTest" classname="App.CardGame.CardTest" file="/home/blajban/dbwebb-kurser/mvc/me/report/tests/CardGame/CardTest.php" line="221" assertions="1" time="0.000265"/>
        <testcase name="testToArray" class="App\CardGame\CardTest" classname="App.CardGame.CardTest" file="/home/blajban/dbwebb-kurser/mvc/me/report/tests/CardGame/CardTest.php" line="238" assertions="1" time="0.000271"/>
      </testsuite>
      <testsuite name="App\CardGame\DeckTest" file="/home/blajban/dbwebb-kurser/mvc/me/report/tests/CardGame/DeckTest.php" tests="8" assertions="18" errors="0" warnings="0" failures="0" skipped="0" time="0.014600">
        <testcase name="testConstructDeck" class="App\CardGame\DeckTest" classname="App.CardGame.DeckTest" file="/home/blajban/dbwebb-kurser/mvc/me/report/tests/CardGame/DeckTest.php" line="17" assertions="2" time="0.000384"/>
        <testcase name="testGetDeck" class="App\CardGame\DeckTest" classname="App.CardGame.DeckTest" file="/home/blajban/dbwebb-kurser/mvc/me/report/tests/CardGame/DeckTest.php" line="31" assertions="2" time="0.000789"/>
        <testcase name="testSortDeck" class="App\CardGame\DeckTest" classname="App.CardGame.DeckTest" file="/home/blajban/dbwebb-kurser/mvc/me/report/tests/CardGame/DeckTest.php" line="44" assertions="4" time="0.000837"/>
        <testcase name="testIsEmpty" class="App\CardGame\DeckTest" classname="App.CardGame.DeckTest" file="/home/blajban/dbwebb-kurser/mvc/me/report/tests/CardGame/DeckTest.php" line="69" assertions="2" time="0.000553"/>
        <testcase name="testRemainingCards" class="App\CardGame\DeckTest" classname="App.CardGame.DeckTest" file="/home/blajban/dbwebb-kurser/mvc/me/report/tests/CardGame/DeckTest.php" line="88" assertions="2" time="0.000399"/>
        <testcase name="testDrawCard" class="App\CardGame\DeckTest" classname="App.CardGame.DeckTest" file="/home/blajban/dbwebb-kurser/mvc/me/report/tests/CardGame/DeckTest.php" line="109" assertions="2" time="0.000387"/>
        <testcase name="testPeek" class="App\CardGame\DeckTest" classname="App.CardGame.DeckTest" file="/home/blajban/dbwebb-kurser/mvc/me/report/tests/CardGame/DeckTest.php" line="125" assertions="3" time="0.000942"/>
        <testcase name="testShuffle" class="App\CardGame\DeckTest" classname="App.CardGame.DeckTest" file="/home/blajban/dbwebb-kurser/mvc/me/report/tests/CardGame/DeckTest.php" line="148" assertions="1" time="0.010309"/>
      </testsuite>
      <testsuite name="App\CardGame\DeckWithJokersTest" file="/home/blajban/dbwebb-kurser/mvc/me/report/tests/CardGame/DeckWithJokersTest.php" tests="1" assertions="2" errors="0" warnings="0" failures="0" skipped="0" time="0.000647">
        <testcase name="testConstructDeck" class="App\CardGame\DeckWithJokersTest" classname="App.CardGame.DeckWithJokersTest" file="/home/blajban/dbwebb-kurser/mvc/me/report/tests/CardGame/DeckWithJokersTest.php" line="16" assertions="2" time="0.000647"/>
      </testsuite>
      <testsuite name="App\CardGame\GameTest" file="/home/blajban/dbwebb-kurser/mvc/me/report/tests/CardGame/GameTest.php" tests="13" assertions="0" errors="13" warnings="0" failures="0" skipped="0" time="0.004538">
        <testcase name="testConstructGameAndGetGameState" class="App\CardGame\GameTest" classname="App.CardGame.GameTest" file="/home/blajban/dbwebb-kurser/mvc/me/report/tests/CardGame/GameTest.php" line="20" assertions="0" time="0.000322">
          <error type="TypeError">App\CardGame\GameTest::testConstructGameAndGetGameState
TypeError: App\CardGame\Game::__construct(): Argument #1 ($playerName) must be of type string, Mock_SessionInterface_39ce4ebf given, called in /home/blajban/dbwebb-kurser/mvc/me/report/tests/CardGame/GameTest.php on line 24

/home/blajban/dbwebb-kurser/mvc/me/report/src/CardGame/Game.php:59
/home/blajban/dbwebb-kurser/mvc/me/report/tests/CardGame/GameTest.php:24</error>
        </testcase>
        <testcase name="testSetPlayerName" class="App\CardGame\GameTest" classname="App.CardGame.GameTest" file="/home/blajban/dbwebb-kurser/mvc/me/report/tests/CardGame/GameTest.php" line="50" assertions="0" time="0.000377">
          <error type="TypeError">App\CardGame\GameTest::testSetPlayerName
TypeError: App\CardGame\Game::__construct(): Argument #1 ($playerName) must be of type string, Mock_SessionInterface_39ce4ebf given, called in /home/blajban/dbwebb-kurser/mvc/me/report/tests/CardGame/GameTest.php on line 57

/home/blajban/dbwebb-kurser/mvc/me/report/src/CardGame/Game.php:59
/home/blajban/dbwebb-kurser/mvc/me/report/tests/CardGame/GameTest.php:57</error>
        </testcase>
        <testcase name="testGetGameStateJson" class="App\CardGame\GameTest" classname="App.CardGame.GameTest" file="/home/blajban/dbwebb-kurser/mvc/me/report/tests/CardGame/GameTest.php" line="67" assertions="0" time="0.000313">
          <error type="TypeError">App\CardGame\GameTest::testGetGameStateJson
TypeError: App\CardGame\Game::__construct(): Argument #1 ($playerName) must be of type string, Mock_SessionInterface_39ce4ebf given, called in /home/blajban/dbwebb-kurser/mvc/me/report/tests/CardGame/GameTest.php on line 71

/home/blajban/dbwebb-kurser/mvc/me/report/src/CardGame/Game.php:59
/home/blajban/dbwebb-kurser/mvc/me/report/tests/CardGame/GameTest.php:71</error>
        </testcase>
        <testcase name="testShuffle" class="App\CardGame\GameTest" classname="App.CardGame.GameTest" file="/home/blajban/dbwebb-kurser/mvc/me/report/tests/CardGame/GameTest.php" line="87" assertions="0" time="0.000315">
          <error type="TypeError">App\CardGame\GameTest::testShuffle
TypeError: App\CardGame\Game::__construct(): Argument #1 ($playerName) must be of type string, Mock_SessionInterface_39ce4ebf given, called in /home/blajban/dbwebb-kurser/mvc/me/report/tests/CardGame/GameTest.php on line 90

/home/blajban/dbwebb-kurser/mvc/me/report/src/CardGame/Game.php:59
/home/blajban/dbwebb-kurser/mvc/me/report/tests/CardGame/GameTest.php:90</error>
        </testcase>
        <testcase name="testIsFull" class="App\CardGame\GameTest" classname="App.CardGame.GameTest" file="/home/blajban/dbwebb-kurser/mvc/me/report/tests/CardGame/GameTest.php" line="105" assertions="0" time="0.000314">
          <error type="TypeError">App\CardGame\GameTest::testIsFull
TypeError: App\CardGame\Game::__construct(): Argument #1 ($playerName) must be of type string, Mock_SessionInterface_39ce4ebf given, called in /home/blajban/dbwebb-kurser/mvc/me/report/tests/CardGame/GameTest.php on line 108

/home/blajban/dbwebb-kurser/mvc/me/report/src/CardGame/Game.php:59
/home/blajban/dbwebb-kurser/mvc/me/report/tests/CardGame/GameTest.php:108</error>
        </testcase>
        <testcase name="testPlayerDrawException" class="App\CardGame\GameTest" classname="App.CardGame.GameTest" file="/home/blajban/dbwebb-kurser/mvc/me/report/tests/CardGame/GameTest.php" line="136" assertions="0" time="0.000398">
          <error type="TypeError">App\CardGame\GameTest::testPlayerDrawException
TypeError: App\CardGame\Game::__construct(): Argument #1 ($playerName) must be of type string, Mock_SessionInterface_39ce4ebf given, called in /home/blajban/dbwebb-kurser/mvc/me/report/tests/CardGame/CardGameTraitTest.php on line 13

/home/blajban/dbwebb-kurser/mvc/me/report/src/CardGame/Game.php:59
/home/blajban/dbwebb-kurser/mvc/me/report/tests/CardGame/CardGameTraitTest.php:13
/home/blajban/dbwebb-kurser/mvc/me/report/tests/CardGame/GameTest.php:145</error>
        </testcase>
        <testcase name="testPlayerDrawsCard" class="App\CardGame\GameTest" classname="App.CardGame.GameTest" file="/home/blajban/dbwebb-kurser/mvc/me/report/tests/CardGame/GameTest.php" line="155" assertions="0" time="0.000414">
          <error type="TypeError">App\CardGame\GameTest::testPlayerDrawsCard
TypeError: App\CardGame\Game::__construct(): Argument #1 ($playerName) must be of type string, Mock_SessionInterface_39ce4ebf given, called in /home/blajban/dbwebb-kurser/mvc/me/report/tests/CardGame/CardGameTraitTest.php on line 13

/home/blajban/dbwebb-kurser/mvc/me/report/src/CardGame/Game.php:59
/home/blajban/dbwebb-kurser/mvc/me/report/tests/CardGame/CardGameTraitTest.php:13
/home/blajban/dbwebb-kurser/mvc/me/report/tests/CardGame/GameTest.php:167</error>
        </testcase>
        <testcase name="testBankDrawException" class="App\CardGame\GameTest" classname="App.CardGame.GameTest" file="/home/blajban/dbwebb-kurser/mvc/me/report/tests/CardGame/GameTest.php" line="177" assertions="0" time="0.000396">
          <error type="TypeError">App\CardGame\GameTest::testBankDrawException
TypeError: App\CardGame\Game::__construct(): Argument #1 ($playerName) must be of type string, Mock_SessionInterface_39ce4ebf given, called in /home/blajban/dbwebb-kurser/mvc/me/report/tests/CardGame/CardGameTraitTest.php on line 13

/home/blajban/dbwebb-kurser/mvc/me/report/src/CardGame/Game.php:59
/home/blajban/dbwebb-kurser/mvc/me/report/tests/CardGame/CardGameTraitTest.php:13
/home/blajban/dbwebb-kurser/mvc/me/report/tests/CardGame/GameTest.php:186</error>
        </testcase>
        <testcase name="testBankDrawsCard" class="App\CardGame\GameTest" classname="App.CardGame.GameTest" file="/home/blajban/dbwebb-kurser/mvc/me/report/tests/CardGame/GameTest.php" line="196" assertions="0" time="0.000415">
          <error type="TypeError">App\CardGame\GameTest::testBankDrawsCard
TypeError: App\CardGame\Game::__construct(): Argument #1 ($playerName) must be of type string, Mock_SessionInterface_39ce4ebf given, called in /home/blajban/dbwebb-kurser/mvc/me/report/tests/CardGame/CardGameTraitTest.php on line 13

/home/blajban/dbwebb-kurser/mvc/me/report/src/CardGame/Game.php:59
/home/blajban/dbwebb-kurser/mvc/me/report/tests/CardGame/CardGameTraitTest.php:13
/home/blajban/dbwebb-kurser/mvc/me/report/tests/CardGame/GameTest.php:208</error>
        </testcase>
        <testcase name="testDetermineWinnerPlayerOver21" class="App\CardGame\GameTest" classname="App.CardGame.GameTest" file="/home/blajban/dbwebb-kurser/mvc/me/report/tests/CardGame/GameTest.php" line="218" assertions="0" time="0.000315">
          <error type="TypeError">App\CardGame\GameTest::testDetermineWinnerPlayerOver21
TypeError: App\CardGame\Game::__construct(): Argument #1 ($playerName) must be of type string, Mock_SessionInterface_39ce4ebf given, called in /home/blajban/dbwebb-kurser/mvc/me/report/tests/CardGame/GameTest.php on line 221

/home/blajban/dbwebb-kurser/mvc/me/report/src/CardGame/Game.php:59
/home/blajban/dbwebb-kurser/mvc/me/report/tests/CardGame/GameTest.php:221</error>
        </testcase>
        <testcase name="testDetermineWinnerPlayerLessThan21BankOver21" class="App\CardGame\GameTest" classname="App.CardGame.GameTest" file="/home/blajban/dbwebb-kurser/mvc/me/report/tests/CardGame/GameTest.php" line="244" assertions="0" time="0.000315">
          <error type="TypeError">App\CardGame\GameTest::testDetermineWinnerPlayerLessThan21BankOver21
TypeError: App\CardGame\Game::__construct(): Argument #1 ($playerName) must be of type string, Mock_SessionInterface_39ce4ebf given, called in /home/blajban/dbwebb-kurser/mvc/me/report/tests/CardGame/GameTest.php on line 247

/home/blajban/dbwebb-kurser/mvc/me/report/src/CardGame/Game.php:59
/home/blajban/dbwebb-kurser/mvc/me/report/tests/CardGame/GameTest.php:247</error>
        </testcase>
        <testcase name="testDetermineWinnerEqualScore" class="App\CardGame\GameTest" classname="App.CardGame.GameTest" file="/home/blajban/dbwebb-kurser/mvc/me/report/tests/CardGame/GameTest.php" line="272" assertions="0" time="0.000313">
          <error type="TypeError">App\CardGame\GameTest::testDetermineWinnerEqualScore
TypeError: App\CardGame\Game::__construct(): Argument #1 ($playerName) must be of type string, Mock_SessionInterface_39ce4ebf given, called in /home/blajban/dbwebb-kurser/mvc/me/report/tests/CardGame/GameTest.php on line 275

/home/blajban/dbwebb-kurser/mvc/me/report/src/CardGame/Game.php:59
/home/blajban/dbwebb-kurser/mvc/me/report/tests/CardGame/GameTest.php:275</error>
        </testcase>
        <testcase name="testDetermineWinnerPlayerHighestScore" class="App\CardGame\GameTest" classname="App.CardGame.GameTest" file="/home/blajban/dbwebb-kurser/mvc/me/report/tests/CardGame/GameTest.php" line="300" assertions="0" time="0.000331">
          <error type="TypeError">App\CardGame\GameTest::testDetermineWinnerPlayerHighestScore
TypeError: App\CardGame\Game::__construct(): Argument #1 ($playerName) must be of type string, Mock_SessionInterface_39ce4ebf given, called in /home/blajban/dbwebb-kurser/mvc/me/report/tests/CardGame/GameTest.php on line 303

/home/blajban/dbwebb-kurser/mvc/me/report/src/CardGame/Game.php:59
/home/blajban/dbwebb-kurser/mvc/me/report/tests/CardGame/GameTest.php:303</error>
        </testcase>
      </testsuite>
      <testsuite name="App\CardGame\PlayerTest" file="/home/blajban/dbwebb-kurser/mvc/me/report/tests/CardGame/PlayerTest.php" tests="1" assertions="2" errors="0" warnings="0" failures="0" skipped="0" time="0.000282">
        <testcase name="testConstructPlayer" class="App\CardGame\PlayerTest" classname="App.CardGame.PlayerTest" file="/home/blajban/dbwebb-kurser/mvc/me/report/tests/CardGame/PlayerTest.php" line="16" assertions="2" time="0.000282"/>
      </testsuite>
    </testsuite>
  </testsuite>
</testsuites>
